
ROM used:   688/8192 (8%)
            688/8192 (8%) including unused fragments

            0.6 Average locations per line
            3.0 Average locations per statement

RAM used:   26/368 (7%) at main() level
            42/368 (11%) worst case

Stack used: 4 worst case (3 in main + 1 for interrupts)
Stack size: 8

Lines Stmts  %   Files
----- ----- ---  -----
  363   228 100  Main code.c
  809     0   0  C:\Program Files (x86)\PICC\Devices\16F887.h
----- -----
 1172   228 Total

Page ROM  %  RAM    Vol Diff  Functions:
---- --- --- ---    --- ----  ----------
0     20   3    1             @delay_ms1
0     24   3    0    176  2.7  setup0
0      7   1    0     30  1.5  plus_flag
0     63   9    1    195  4.0  MAIN
0     46   7    1    233  2.7  check_status
0     25   4    2    167  4.6  move
 Inline         1     57  2.1  go_for
0    180  26    0     29  1.2  stop
 Inline         6   2020  7.7  normal_
0     74  11    1    680  5.7  funny
0     10   1    0    601  1.4  @goto7649
0     51   7    7    378  6.3  SPI_Write_Byte
0     15   2    2    104  2.0  send_data
0    126  18    0    226  1.8  setup
 Inline         0    601  1.4  MAX7219_INIT
 Inline         0             @cinit1

Program metrics:
    Functions               14
    Statements              228
    Comments                194
    Volume (V)              8612
    Difficulty (D)          47.1
    Effort to implement (E) 405802
    Time to implement (T)   6 hours, 16 minutes
    Est Delivered Bugs (B)  2
    Cyclomatic Complexity   37
    Maintainability (MI)    67

 Segment     Used  Free
-----------  ----  ----
00000-00003     4  0  
00004-0002E    43  0  
0002F-007FF   641  1360  
00800-00FFF     0  2048  
01000-017FF     0  2048  
01800-01FFF     0  2048  



