
ROM used:   533/8192 (7%)
            533/8192 (7%) including unused fragments

            0.5 Average locations per line
            2.6 Average locations per statement

RAM used:   24/368 (7%) at main() level
            37/368 (10%) worst case

Stack used: 3 worst case (2 in main + 1 for interrupts)
Stack size: 8

Lines Stmts  %   Files
----- ----- ---  -----
  327   203 100  SPI_Hardware.c
  809     0   0  C:\Program Files (x86)\PICC\Devices\16F887.h
----- -----
 1136   203 Total

Page ROM  %  RAM    Vol Diff  Functions:
---- --- --- ---    --- ----  ----------
0     20   4    1             @delay_ms1
0     11   2    2     92  3.2  check_status
0     25   5    0    200  2.7  setup0
0      7   1    0     30  1.5  plus_flag
0     57  11    1    156  3.9  MAIN
0    174  33    4   1845  7.6  normal_
0     51  10    7    378  6.3  SPI_Write_Byte
0     15   3    2    104  2.0  send_data
0    126  24    0    226  1.8  setup
 Inline         0    601  1.4  MAX7219_INIT
 Inline         0             @cinit1

Program metrics:
    Functions               9
    Statements              203
    Comments                193
    Volume (V)              5233
    Difficulty (D)          31.4
    Effort to implement (E) 164534
    Time to implement (T)   2 hours, 32 minutes
    Est Delivered Bugs (B)  1
    Cyclomatic Complexity   22
    Maintainability (MI)    126

 Segment     Used  Free
-----------  ----  ----
00000-00003     4  0  
00004-0002E    43  0  
0002F-007FF   486  1515  
00800-00FFF     0  2048  
01000-017FF     0  2048  
01800-01FFF     0  2048  



